<?xml version="1.0" encoding="UTF-8"?>
<!-- Generated by org.testng.reporters.JUnitReportReporter -->
<testsuite skipped="0" hostname="KB-PC251295" name="parallel.test3" tests="1" failures="0" timestamp="2022-05-20T09:33:50 IST" time="7.755" errors="0">
  <testcase name="testCase" time="7.755" classname="parallel.test3"/>
  <system-out>
    <![CDATA[Testing Login Page]]>
  </system-out>
</testsuite> <!-- parallel.test3 -->
