<?xml version="1.0" encoding="UTF-8"?>
<!-- Generated by org.testng.reporters.JUnitReportReporter -->
<testsuite skipped="0" hostname="KB-PC251295" name="smokeregression.test2" tests="1" failures="0" timestamp="2022-05-20T08:56:46 IST" time="7.994" errors="0">
  <testcase name="testCase" time="7.994" classname="smokeregression.test2"/>
  <system-out>
    <![CDATA[Testing Login Page]]>
  </system-out>
</testsuite> <!-- smokeregression.test2 -->
