<?xml version="1.0" encoding="UTF-8"?>
<!-- Generated by org.testng.reporters.JUnitReportReporter -->
<testsuite skipped="0" hostname="KB-PC251295" name="Regression.test2" tests="1" failures="0" timestamp="2022-05-20T08:42:56 IST" time="7.358" errors="0">
  <testcase name="testCase" time="7.358" classname="Regression.test2"/>
  <system-out>
    <![CDATA[Testing Login Page]]>
  </system-out>
</testsuite> <!-- Regression.test2 -->
