<?xml version="1.0" encoding="UTF-8"?>
<!-- Generated by org.testng.reporters.JUnitReportReporter -->
<testsuite skipped="1" hostname="KB-PC251295" name="testng.Priority" tests="6" failures="0" timestamp="2022-05-19T08:35:22 IST" time="0.023" errors="0">
  <testcase name="whatsAppMessage" time="0.012" classname="testng.Priority"/>
  <system-out>
    <![CDATA[whatsapp message]]>
  </system-out>
  <testcase name="whatsAppMessage" time="0.002" classname="testng.Priority"/>
  <system-out>
    <![CDATA[whatsapp message]]>
  </system-out>
  <testcase name="whatsAppMessage" time="0.004" classname="testng.Priority"/>
  <system-out>
    <![CDATA[whatsapp message]]>
  </system-out>
  <testcase name="whatsAppStatus" time="0.002" classname="testng.Priority"/>
  <system-out>
    <![CDATA[whatsapp status]]>
  </system-out>
  <testcase name="whatsAppcall" time="0.003" classname="testng.Priority"/>
  <system-out>
    <![CDATA[whatsapp calling]]>
  </system-out>
  <testcase name="whatsAppPayment" classname="testng.Priority">
    <skipped/>
  </testcase> <!-- whatsAppPayment -->
  <system-out/>
</testsuite> <!-- testng.Priority -->
