<?xml version="1.0" encoding="UTF-8"?>
<!-- Generated by org.testng.reporters.JUnitReportReporter -->
<testsuite skipped="0" hostname="KB-PC251295" name="testng.test3" tests="1" failures="0" timestamp="2022-05-20T06:22:58 IST" time="6.835" errors="0">
  <testcase name="testCase" time="6.835" classname="testng.test3"/>
  <system-out>
    <![CDATA[Testing Login Page]]>
  </system-out>
</testsuite> <!-- testng.test3 -->
