<?xml version="1.0" encoding="UTF-8"?>
<!-- Generated by org.testng.reporters.JUnitReportReporter -->
<testsuite skipped="0" hostname="KB-PC251295" name="testng.test1" tests="1" failures="0" timestamp="2022-05-19T11:50:13 IST" time="0.008" errors="0">
  <testcase name="demo" time="0.008" classname="testng.test1"/>
  <system-out>
    <![CDATA[Hello
Welcome]]>
  </system-out>
</testsuite> <!-- testng.test1 -->
