<?xml version="1.0" encoding="UTF-8"?>
<!-- Generated by org.testng.reporters.JUnitReportReporter -->
<testsuite skipped="0" hostname="KB-PC251295" name="testng.test2" tests="1" failures="0" timestamp="2022-05-20T06:22:58 IST" time="13.528" errors="0">
  <testcase name="testCase" time="13.528" classname="testng.test2"/>
  <system-out>
    <![CDATA[Testing Login Page]]>
  </system-out>
</testsuite> <!-- testng.test2 -->
